<?xml version="1.0" encoding="UTF-8"?>
<!-- Generated by org.testng.reporters.JUnitReportReporter -->
<testsuite hostname="YCSLAP1132" failures="1" tests="1" name="cogmentoCRM.Web.runners.AlluretestNgCucumberRunner" time="33.091" errors="0" timestamp="2025-06-09T16:40:26 IST" skipped="0">
  <testcase classname="cogmentoCRM.Web.runners.AlluretestNgCucumberRunner" name="runScenario" time="33.091">
    <failure message="expected [true] but found [false]" type="java.lang.AssertionError">
      <![CDATA[java.lang.AssertionError: expected [true] but found [false]
at org.testng.Assert.fail(Assert.java:111)
at org.testng.Assert.failNotEquals(Assert.java:1590)
at org.testng.Assert.assertTrue(Assert.java:57)
at org.testng.Assert.assertTrue(Assert.java:67)
at cogmentoCRM.Web.pageObjects.ContactsPage.validateCreatedContact(ContactsPage.java:66)
at cogmentoCRM.Web.stepDefinations.AddNewContact.validateCreatedContact(AddNewContact.java:77)
at âœ½.Contact should be added to the list in the Contacts page(file:///D:/Automation_Redefined/CogmentocrmWeb_BDD/src/test/resources/Features/AddNewContact.feature:12)
]]>
    </failure>
  </testcase> <!-- runScenario -->
</testsuite> <!-- cogmentoCRM.Web.runners.AlluretestNgCucumberRunner -->
